<?xml version="1.0" encoding="UTF-8"?>
<!-- Generated by org.testng.reporters.JUnitReportReporter -->
<testsuite hostname="DESKTOP-QP7RJ1E" failures="0" tests="1" name="com.jenkins.testing.Jenkinstest.App" time="2.421" errors="0" timestamp="31 May 2021 14:29:37 GMT" skipped="0">
  <testcase classname="com.jenkins.testing.Jenkinstest.App" name="first" time="2.421"/>
</testsuite> <!-- com.jenkins.testing.Jenkinstest.App -->
